<?xml version="1.0" encoding="UTF-8"?>
<robot generator="Robot 3.2.1 (Python 3.7.5 on win32)" generated="20241118 01:20:36.971" rpa="false">
<suite id="s1" name="Basic Browser Operations" source="d:\Selenium_Python\Robot\basic_browser_operations.robot">
<test id="s1-t1" name="Basic Browser Operations">
<kw name="Open Browser" library="SeleniumLibrary">
<doc>Opens a new browser instance to the optional ``url``.</doc>
<arguments>
<arg>${URL}</arg>
<arg>chrome</arg>
<arg>executable_path=${CHROMEDRIVER}</arg>
</arguments>
<msg timestamp="20241118 01:20:38.117" level="INFO">Opening browser 'chrome' to base url 'https://rahulshettyacademy.com/'.</msg>
<status status="PASS" starttime="20241118 01:20:38.111" endtime="20241118 01:20:41.294"></status>
</kw>
<kw name="Maximize Browser Window" library="SeleniumLibrary">
<doc>Maximizes current browser window.</doc>
<status status="PASS" starttime="20241118 01:20:41.296" endtime="20241118 01:20:41.361"></status>
</kw>
<kw name="Get Title" library="SeleniumLibrary">
<doc>Returns the title of the current page.</doc>
<assign>
<var>${title}</var>
</assign>
<msg timestamp="20241118 01:20:41.396" level="INFO">${title} = Selenium, API Testing, Software Testing &amp; More QA Tutorials | Rahul Shetty Academy</msg>
<status status="PASS" starttime="20241118 01:20:41.363" endtime="20241118 01:20:41.397"></status>
</kw>
<kw name="Log" library="BuiltIn">
<doc>Logs the given message with the given level.</doc>
<arguments>
<arg>Title: ${title}</arg>
</arguments>
<msg timestamp="20241118 01:20:41.408" level="INFO">Title: Selenium, API Testing, Software Testing &amp; More QA Tutorials | Rahul Shetty Academy</msg>
<status status="PASS" starttime="20241118 01:20:41.401" endtime="20241118 01:20:41.411"></status>
</kw>
<kw name="Get Location" library="SeleniumLibrary">
<doc>Returns the current browser window URL.</doc>
<assign>
<var>${url}</var>
</assign>
<msg timestamp="20241118 01:20:41.432" level="INFO">${url} = https://rahulshettyacademy.com/</msg>
<status status="PASS" starttime="20241118 01:20:41.417" endtime="20241118 01:20:41.432"></status>
</kw>
<kw name="Log" library="BuiltIn">
<doc>Logs the given message with the given level.</doc>
<arguments>
<arg>URL: ${url}</arg>
</arguments>
<msg timestamp="20241118 01:20:41.440" level="INFO">URL: https://rahulshettyacademy.com/</msg>
<status status="PASS" starttime="20241118 01:20:41.435" endtime="20241118 01:20:41.441"></status>
</kw>
<kw name="Go To" library="SeleniumLibrary">
<doc>Navigates the current browser window to the provided ``url``.</doc>
<arguments>
<arg>${PRACTICE_URL}</arg>
</arguments>
<msg timestamp="20241118 01:20:41.445" level="INFO">Opening url 'https://rahulshettyacademy.com/AutomationPractice/'</msg>
<status status="PASS" starttime="20241118 01:20:41.442" endtime="20241118 01:20:42.149"></status>
</kw>
<kw name="Capture Page Screenshot" library="SeleniumLibrary">
<doc>Takes a screenshot of the current page and embeds it into a log file.</doc>
<msg timestamp="20241118 01:20:42.611" level="INFO" html="yes">&lt;/td&gt;&lt;/tr&gt;&lt;tr&gt;&lt;td colspan="3"&gt;&lt;a href="selenium-screenshot-4.png"&gt;&lt;img src="selenium-screenshot-4.png" width="800px"&gt;&lt;/a&gt;</msg>
<status status="PASS" starttime="20241118 01:20:42.153" endtime="20241118 01:20:42.612"></status>
</kw>
<kw name="Go Back" library="SeleniumLibrary">
<doc>Simulates the user clicking the back button on their browser.</doc>
<status status="PASS" starttime="20241118 01:20:42.614" endtime="20241118 01:20:43.133"></status>
</kw>
<kw name="Reload Page" library="SeleniumLibrary">
<doc>Simulates user reloading page.</doc>
<status status="PASS" starttime="20241118 01:20:43.139" endtime="20241118 01:20:44.419"></status>
</kw>
<status status="PASS" starttime="20241118 01:20:38.102" endtime="20241118 01:20:44.426" critical="yes"></status>
</test>
<status status="PASS" starttime="20241118 01:20:36.990" endtime="20241118 01:20:44.449"></status>
</suite>
<statistics>
<total>
<stat pass="1" fail="0">Critical Tests</stat>
<stat pass="1" fail="0">All Tests</stat>
</total>
<tag>
</tag>
<suite>
<stat pass="1" fail="0" id="s1" name="Basic Browser Operations">Basic Browser Operations</stat>
</suite>
</statistics>
<errors>
</errors>
</robot>
